06:51:06.493 [main] DEBUG io.netty.util.internal.logging.InternalLoggerFactory - Using Log4J2 as the default logging framework
06:51:06.506 [main] DEBUG io.netty.util.ResourceLeakDetector - -Dio.netty.leakDetection.level: simple
06:51:06.507 [main] DEBUG io.netty.util.ResourceLeakDetector - -Dio.netty.leakDetection.targetRecords: 4
06:51:06.512 [main] DEBUG io.netty.util.ResourceLeakDetectorFactory - Loaded default ResourceLeakDetector: io.netty.util.ResourceLeakDetector@b2f4ece
06:51:06.534 [main] DEBUG io.netty.util.internal.PlatformDependent - Platform: Windows
06:51:06.538 [main] DEBUG io.netty.util.internal.PlatformDependent0 - -Dio.netty.noUnsafe: false
06:51:06.540 [main] DEBUG io.netty.util.internal.PlatformDependent0 - Java version: 16
06:51:06.542 [main] DEBUG io.netty.util.internal.PlatformDependent0 - sun.misc.Unsafe.theUnsafe: available
06:51:06.543 [main] DEBUG io.netty.util.internal.PlatformDependent0 - sun.misc.Unsafe.copyMemory: available
06:51:06.544 [main] DEBUG io.netty.util.internal.PlatformDependent0 - java.nio.Buffer.address: available
06:51:06.545 [main] DEBUG io.netty.util.internal.PlatformDependent0 - direct buffer constructor: unavailable
java.lang.UnsupportedOperationException: Reflective setAccessible(true) disabled
	at io.netty.util.internal.ReflectionUtil.trySetAccessible(ReflectionUtil.java:31) ~[netty-common-4.1.63.Final.jar:4.1.63.Final]
	at io.netty.util.internal.PlatformDependent0$4.run(PlatformDependent0.java:239) ~[netty-common-4.1.63.Final.jar:4.1.63.Final]
	at java.security.AccessController.doPrivileged(AccessController.java:312) ~[?:?]
	at io.netty.util.internal.PlatformDependent0.<clinit>(PlatformDependent0.java:233) ~[netty-common-4.1.63.Final.jar:4.1.63.Final]
	at io.netty.util.internal.PlatformDependent.isAndroid(PlatformDependent.java:294) ~[netty-common-4.1.63.Final.jar:4.1.63.Final]
	at io.netty.util.internal.PlatformDependent.<clinit>(PlatformDependent.java:93) ~[netty-common-4.1.63.Final.jar:4.1.63.Final]
	at io.netty.util.HashedWheelTimer.<init>(HashedWheelTimer.java:109) ~[netty-common-4.1.63.Final.jar:4.1.63.Final]
	at io.netty.util.HashedWheelTimer.<init>(HashedWheelTimer.java:218) ~[netty-common-4.1.63.Final.jar:4.1.63.Final]
	at io.netty.util.HashedWheelTimer.<init>(HashedWheelTimer.java:197) ~[netty-common-4.1.63.Final.jar:4.1.63.Final]
	at org.asynchttpclient.DefaultAsyncHttpClient.newNettyTimer(DefaultAsyncHttpClient.java:111) ~[async-http-client-2.12.3.jar:?]
	at org.asynchttpclient.DefaultAsyncHttpClient.<init>(DefaultAsyncHttpClient.java:90) ~[async-http-client-2.12.3.jar:?]
	at org.asynchttpclient.Dsl.asyncHttpClient(Dsl.java:32) ~[async-http-client-2.12.3.jar:?]
	at org.openqa.selenium.remote.http.netty.NettyClient.createHttpClient(NettyClient.java:100) ~[selenium-remote-driver-4.0.0-beta-4.jar:?]
	at org.openqa.selenium.remote.http.netty.NettyClient.<clinit>(NettyClient.java:51) ~[selenium-remote-driver-4.0.0-beta-4.jar:?]
	at org.openqa.selenium.remote.http.netty.NettyClient$Factory.createClient(NettyClient.java:149) ~[selenium-remote-driver-4.0.0-beta-4.jar:?]
	at org.openqa.selenium.remote.HttpCommandExecutor.<init>(HttpCommandExecutor.java:107) ~[selenium-remote-driver-4.0.0-beta-4.jar:?]
	at org.openqa.selenium.remote.HttpCommandExecutor.<init>(HttpCommandExecutor.java:94) ~[selenium-remote-driver-4.0.0-beta-4.jar:?]
	at org.openqa.selenium.remote.HttpCommandExecutor.<init>(HttpCommandExecutor.java:85) ~[selenium-remote-driver-4.0.0-beta-4.jar:?]
	at org.openqa.selenium.remote.service.DriverCommandExecutor.<init>(DriverCommandExecutor.java:77) ~[selenium-remote-driver-4.0.0-beta-4.jar:?]
	at org.openqa.selenium.chromium.ChromiumDriverCommandExecutor.<init>(ChromiumDriverCommandExecutor.java:78) ~[selenium-chromium-driver-4.0.0-beta-4.jar:?]
	at org.openqa.selenium.chrome.ChromeDriver.<init>(ChromeDriver.java:99) ~[selenium-chrome-driver-4.0.0-beta-4.jar:?]
	at org.openqa.selenium.chrome.ChromeDriver.<init>(ChromeDriver.java:86) ~[selenium-chrome-driver-4.0.0-beta-4.jar:?]
	at org.openqa.selenium.chrome.ChromeDriver.<init>(ChromeDriver.java:41) ~[selenium-chrome-driver-4.0.0-beta-4.jar:?]
	at TestBase.BaseClass.setup(BaseClass.java:48) ~[test-classes/:?]
	at jdk.internal.reflect.NativeMethodAccessorImpl.invoke0(Native Method) ~[?:?]
	at jdk.internal.reflect.NativeMethodAccessorImpl.invoke(NativeMethodAccessorImpl.java:78) ~[?:?]
	at jdk.internal.reflect.DelegatingMethodAccessorImpl.invoke(DelegatingMethodAccessorImpl.java:43) ~[?:?]
	at java.lang.reflect.Method.invoke(Method.java:567) ~[?:?]
	at org.testng.internal.MethodInvocationHelper.invokeMethod(MethodInvocationHelper.java:132) ~[testng-7.3.0.jar:?]
	at org.testng.internal.MethodInvocationHelper.invokeMethodConsideringTimeout(MethodInvocationHelper.java:61) ~[testng-7.3.0.jar:?]
	at org.testng.internal.ConfigInvoker.invokeConfigurationMethod(ConfigInvoker.java:366) ~[testng-7.3.0.jar:?]
	at org.testng.internal.ConfigInvoker.invokeConfigurations(ConfigInvoker.java:320) ~[testng-7.3.0.jar:?]
	at org.testng.internal.TestMethodWorker.invokeBeforeClassMethods(TestMethodWorker.java:176) ~[testng-7.3.0.jar:?]
	at org.testng.internal.TestMethodWorker.run(TestMethodWorker.java:122) ~[testng-7.3.0.jar:?]
	at java.util.ArrayList.forEach(ArrayList.java:1511) [?:?]
	at org.testng.TestRunner.privateRun(TestRunner.java:764) [testng-7.3.0.jar:?]
	at org.testng.TestRunner.run(TestRunner.java:585) [testng-7.3.0.jar:?]
	at org.testng.SuiteRunner.runTest(SuiteRunner.java:384) [testng-7.3.0.jar:?]
	at org.testng.SuiteRunner.runSequentially(SuiteRunner.java:378) [testng-7.3.0.jar:?]
	at org.testng.SuiteRunner.privateRun(SuiteRunner.java:337) [testng-7.3.0.jar:?]
	at org.testng.SuiteRunner.run(SuiteRunner.java:286) [testng-7.3.0.jar:?]
	at org.testng.SuiteRunnerWorker.runSuite(SuiteRunnerWorker.java:53) [testng-7.3.0.jar:?]
	at org.testng.SuiteRunnerWorker.run(SuiteRunnerWorker.java:96) [testng-7.3.0.jar:?]
	at org.testng.TestNG.runSuitesSequentially(TestNG.java:1218) [testng-7.3.0.jar:?]
	at org.testng.TestNG.runSuitesLocally(TestNG.java:1140) [testng-7.3.0.jar:?]
	at org.testng.TestNG.runSuites(TestNG.java:1069) [testng-7.3.0.jar:?]
	at org.testng.TestNG.run(TestNG.java:1037) [testng-7.3.0.jar:?]
	at org.testng.remote.AbstractRemoteTestNG.run(AbstractRemoteTestNG.java:115) [testng-remote.jar:?]
	at org.testng.remote.RemoteTestNG.initAndRun(RemoteTestNG.java:251) [testng-remote.jar:?]
	at org.testng.remote.RemoteTestNG.main(RemoteTestNG.java:77) [testng-remote.jar:?]
06:51:06.554 [main] DEBUG io.netty.util.internal.PlatformDependent0 - java.nio.Bits.unaligned: available, true
06:51:06.556 [main] DEBUG io.netty.util.internal.PlatformDependent0 - jdk.internal.misc.Unsafe.allocateUninitializedArray(int): unavailable
java.lang.IllegalAccessException: class io.netty.util.internal.PlatformDependent0$6 cannot access class jdk.internal.misc.Unsafe (in module java.base) because module java.base does not export jdk.internal.misc to unnamed module @1a968a59
	at jdk.internal.reflect.Reflection.newIllegalAccessException(Reflection.java:385) ~[?:?]
	at java.lang.reflect.AccessibleObject.checkAccess(AccessibleObject.java:687) ~[?:?]
	at java.lang.reflect.Method.invoke(Method.java:559) ~[?:?]
	at io.netty.util.internal.PlatformDependent0$6.run(PlatformDependent0.java:353) ~[netty-common-4.1.63.Final.jar:4.1.63.Final]
	at java.security.AccessController.doPrivileged(AccessController.java:312) ~[?:?]
	at io.netty.util.internal.PlatformDependent0.<clinit>(PlatformDependent0.java:344) ~[netty-common-4.1.63.Final.jar:4.1.63.Final]
	at io.netty.util.internal.PlatformDependent.isAndroid(PlatformDependent.java:294) ~[netty-common-4.1.63.Final.jar:4.1.63.Final]
	at io.netty.util.internal.PlatformDependent.<clinit>(PlatformDependent.java:93) ~[netty-common-4.1.63.Final.jar:4.1.63.Final]
	at io.netty.util.HashedWheelTimer.<init>(HashedWheelTimer.java:109) ~[netty-common-4.1.63.Final.jar:4.1.63.Final]
	at io.netty.util.HashedWheelTimer.<init>(HashedWheelTimer.java:218) ~[netty-common-4.1.63.Final.jar:4.1.63.Final]
	at io.netty.util.HashedWheelTimer.<init>(HashedWheelTimer.java:197) ~[netty-common-4.1.63.Final.jar:4.1.63.Final]
	at org.asynchttpclient.DefaultAsyncHttpClient.newNettyTimer(DefaultAsyncHttpClient.java:111) ~[async-http-client-2.12.3.jar:?]
	at org.asynchttpclient.DefaultAsyncHttpClient.<init>(DefaultAsyncHttpClient.java:90) ~[async-http-client-2.12.3.jar:?]
	at org.asynchttpclient.Dsl.asyncHttpClient(Dsl.java:32) ~[async-http-client-2.12.3.jar:?]
	at org.openqa.selenium.remote.http.netty.NettyClient.createHttpClient(NettyClient.java:100) ~[selenium-remote-driver-4.0.0-beta-4.jar:?]
	at org.openqa.selenium.remote.http.netty.NettyClient.<clinit>(NettyClient.java:51) ~[selenium-remote-driver-4.0.0-beta-4.jar:?]
	at org.openqa.selenium.remote.http.netty.NettyClient$Factory.createClient(NettyClient.java:149) ~[selenium-remote-driver-4.0.0-beta-4.jar:?]
	at org.openqa.selenium.remote.HttpCommandExecutor.<init>(HttpCommandExecutor.java:107) ~[selenium-remote-driver-4.0.0-beta-4.jar:?]
	at org.openqa.selenium.remote.HttpCommandExecutor.<init>(HttpCommandExecutor.java:94) ~[selenium-remote-driver-4.0.0-beta-4.jar:?]
	at org.openqa.selenium.remote.HttpCommandExecutor.<init>(HttpCommandExecutor.java:85) ~[selenium-remote-driver-4.0.0-beta-4.jar:?]
	at org.openqa.selenium.remote.service.DriverCommandExecutor.<init>(DriverCommandExecutor.java:77) ~[selenium-remote-driver-4.0.0-beta-4.jar:?]
	at org.openqa.selenium.chromium.ChromiumDriverCommandExecutor.<init>(ChromiumDriverCommandExecutor.java:78) ~[selenium-chromium-driver-4.0.0-beta-4.jar:?]
	at org.openqa.selenium.chrome.ChromeDriver.<init>(ChromeDriver.java:99) ~[selenium-chrome-driver-4.0.0-beta-4.jar:?]
	at org.openqa.selenium.chrome.ChromeDriver.<init>(ChromeDriver.java:86) ~[selenium-chrome-driver-4.0.0-beta-4.jar:?]
	at org.openqa.selenium.chrome.ChromeDriver.<init>(ChromeDriver.java:41) ~[selenium-chrome-driver-4.0.0-beta-4.jar:?]
	at TestBase.BaseClass.setup(BaseClass.java:48) ~[test-classes/:?]
	at jdk.internal.reflect.NativeMethodAccessorImpl.invoke0(Native Method) ~[?:?]
	at jdk.internal.reflect.NativeMethodAccessorImpl.invoke(NativeMethodAccessorImpl.java:78) ~[?:?]
	at jdk.internal.reflect.DelegatingMethodAccessorImpl.invoke(DelegatingMethodAccessorImpl.java:43) ~[?:?]
	at java.lang.reflect.Method.invoke(Method.java:567) ~[?:?]
	at org.testng.internal.MethodInvocationHelper.invokeMethod(MethodInvocationHelper.java:132) ~[testng-7.3.0.jar:?]
	at org.testng.internal.MethodInvocationHelper.invokeMethodConsideringTimeout(MethodInvocationHelper.java:61) ~[testng-7.3.0.jar:?]
	at org.testng.internal.ConfigInvoker.invokeConfigurationMethod(ConfigInvoker.java:366) ~[testng-7.3.0.jar:?]
	at org.testng.internal.ConfigInvoker.invokeConfigurations(ConfigInvoker.java:320) ~[testng-7.3.0.jar:?]
	at org.testng.internal.TestMethodWorker.invokeBeforeClassMethods(TestMethodWorker.java:176) ~[testng-7.3.0.jar:?]
	at org.testng.internal.TestMethodWorker.run(TestMethodWorker.java:122) ~[testng-7.3.0.jar:?]
	at java.util.ArrayList.forEach(ArrayList.java:1511) [?:?]
	at org.testng.TestRunner.privateRun(TestRunner.java:764) [testng-7.3.0.jar:?]
	at org.testng.TestRunner.run(TestRunner.java:585) [testng-7.3.0.jar:?]
	at org.testng.SuiteRunner.runTest(SuiteRunner.java:384) [testng-7.3.0.jar:?]
	at org.testng.SuiteRunner.runSequentially(SuiteRunner.java:378) [testng-7.3.0.jar:?]
	at org.testng.SuiteRunner.privateRun(SuiteRunner.java:337) [testng-7.3.0.jar:?]
	at org.testng.SuiteRunner.run(SuiteRunner.java:286) [testng-7.3.0.jar:?]
	at org.testng.SuiteRunnerWorker.runSuite(SuiteRunnerWorker.java:53) [testng-7.3.0.jar:?]
	at org.testng.SuiteRunnerWorker.run(SuiteRunnerWorker.java:96) [testng-7.3.0.jar:?]
	at org.testng.TestNG.runSuitesSequentially(TestNG.java:1218) [testng-7.3.0.jar:?]
	at org.testng.TestNG.runSuitesLocally(TestNG.java:1140) [testng-7.3.0.jar:?]
	at org.testng.TestNG.runSuites(TestNG.java:1069) [testng-7.3.0.jar:?]
	at org.testng.TestNG.run(TestNG.java:1037) [testng-7.3.0.jar:?]
	at org.testng.remote.AbstractRemoteTestNG.run(AbstractRemoteTestNG.java:115) [testng-remote.jar:?]
	at org.testng.remote.RemoteTestNG.initAndRun(RemoteTestNG.java:251) [testng-remote.jar:?]
	at org.testng.remote.RemoteTestNG.main(RemoteTestNG.java:77) [testng-remote.jar:?]
06:51:06.558 [main] DEBUG io.netty.util.internal.PlatformDependent0 - java.nio.DirectByteBuffer.<init>(long, int): unavailable
06:51:06.559 [main] DEBUG io.netty.util.internal.PlatformDependent - sun.misc.Unsafe: available
06:51:06.559 [main] DEBUG io.netty.util.internal.PlatformDependent - maxDirectMemory: 1598029824 bytes (maybe)
06:51:06.559 [main] DEBUG io.netty.util.internal.PlatformDependent - -Dio.netty.tmpdir: C:\Users\Asus\AppData\Local\Temp (java.io.tmpdir)
06:51:06.560 [main] DEBUG io.netty.util.internal.PlatformDependent - -Dio.netty.bitMode: 64 (sun.arch.data.model)
06:51:06.561 [main] DEBUG io.netty.util.internal.PlatformDependent - -Dio.netty.maxDirectMemory: -1 bytes
06:51:06.561 [main] DEBUG io.netty.util.internal.PlatformDependent - -Dio.netty.uninitializedArrayAllocationThreshold: -1
06:51:06.562 [main] DEBUG io.netty.util.internal.CleanerJava9 - java.nio.ByteBuffer.cleaner(): available
06:51:06.563 [main] DEBUG io.netty.util.internal.PlatformDependent - -Dio.netty.noPreferDirect: false
06:51:06.571 [main] DEBUG io.netty.util.internal.PlatformDependent - org.jctools-core.MpscChunkedArrayQueue: available
06:51:06.595 [main] DEBUG io.netty.util.internal.InternalThreadLocalMap - -Dio.netty.threadLocalMap.stringBuilder.initialSize: 1024
06:51:06.595 [main] DEBUG io.netty.util.internal.InternalThreadLocalMap - -Dio.netty.threadLocalMap.stringBuilder.maxSize: 4096
06:51:06.657 [main] DEBUG io.netty.handler.ssl.JdkSslContext - Default protocols (JDK): [TLSv1.3, TLSv1.2] 
06:51:06.658 [main] DEBUG io.netty.handler.ssl.JdkSslContext - Default cipher suites (JDK): [TLS_ECDHE_ECDSA_WITH_AES_256_GCM_SHA384, TLS_ECDHE_ECDSA_WITH_AES_128_GCM_SHA256, TLS_ECDHE_RSA_WITH_AES_128_GCM_SHA256, TLS_ECDHE_RSA_WITH_AES_256_GCM_SHA384, TLS_ECDHE_RSA_WITH_AES_128_CBC_SHA, TLS_ECDHE_RSA_WITH_AES_256_CBC_SHA, TLS_RSA_WITH_AES_128_GCM_SHA256, TLS_RSA_WITH_AES_128_CBC_SHA, TLS_RSA_WITH_AES_256_CBC_SHA, TLS_AES_128_GCM_SHA256, TLS_AES_256_GCM_SHA384]
06:51:06.700 [main] DEBUG io.netty.channel.MultithreadEventLoopGroup - -Dio.netty.eventLoopThreads: 16
06:51:06.717 [main] DEBUG io.netty.channel.nio.NioEventLoop - -Dio.netty.noKeySetOptimization: false
06:51:06.717 [main] DEBUG io.netty.channel.nio.NioEventLoop - -Dio.netty.selectorAutoRebuildThreshold: 512
06:51:06.734 [main] TRACE io.netty.channel.nio.NioEventLoop - instrumented a special java.util.Set into: sun.nio.ch.WindowsSelectorImpl@26b95b0b
06:51:06.737 [main] TRACE io.netty.channel.nio.NioEventLoop - instrumented a special java.util.Set into: sun.nio.ch.WindowsSelectorImpl@64fe9da7
06:51:06.740 [main] TRACE io.netty.channel.nio.NioEventLoop - instrumented a special java.util.Set into: sun.nio.ch.WindowsSelectorImpl@70cccd8f
06:51:06.743 [main] TRACE io.netty.channel.nio.NioEventLoop - instrumented a special java.util.Set into: sun.nio.ch.WindowsSelectorImpl@5f172d4a
06:51:06.745 [main] TRACE io.netty.channel.nio.NioEventLoop - instrumented a special java.util.Set into: sun.nio.ch.WindowsSelectorImpl@77ec6a3d
06:51:06.753 [main] TRACE io.netty.channel.nio.NioEventLoop - instrumented a special java.util.Set into: sun.nio.ch.WindowsSelectorImpl@67efd2c2
06:51:06.756 [main] TRACE io.netty.channel.nio.NioEventLoop - instrumented a special java.util.Set into: sun.nio.ch.WindowsSelectorImpl@71d9cb05
06:51:06.758 [main] TRACE io.netty.channel.nio.NioEventLoop - instrumented a special java.util.Set into: sun.nio.ch.WindowsSelectorImpl@17c2d509
06:51:06.760 [main] TRACE io.netty.channel.nio.NioEventLoop - instrumented a special java.util.Set into: sun.nio.ch.WindowsSelectorImpl@36bf84e
06:51:06.763 [main] TRACE io.netty.channel.nio.NioEventLoop - instrumented a special java.util.Set into: sun.nio.ch.WindowsSelectorImpl@1a0b5323
06:51:06.766 [main] TRACE io.netty.channel.nio.NioEventLoop - instrumented a special java.util.Set into: sun.nio.ch.WindowsSelectorImpl@25b52284
06:51:06.769 [main] TRACE io.netty.channel.nio.NioEventLoop - instrumented a special java.util.Set into: sun.nio.ch.WindowsSelectorImpl@245ec1a6
06:51:06.772 [main] TRACE io.netty.channel.nio.NioEventLoop - instrumented a special java.util.Set into: sun.nio.ch.WindowsSelectorImpl@782be4eb
06:51:06.775 [main] TRACE io.netty.channel.nio.NioEventLoop - instrumented a special java.util.Set into: sun.nio.ch.WindowsSelectorImpl@38792286
06:51:06.778 [main] TRACE io.netty.channel.nio.NioEventLoop - instrumented a special java.util.Set into: sun.nio.ch.WindowsSelectorImpl@34d4860f
06:51:06.780 [main] TRACE io.netty.channel.nio.NioEventLoop - instrumented a special java.util.Set into: sun.nio.ch.WindowsSelectorImpl@665522c2
06:51:06.813 [main] DEBUG io.netty.buffer.PooledByteBufAllocator - -Dio.netty.allocator.numHeapArenas: 15
06:51:06.813 [main] DEBUG io.netty.buffer.PooledByteBufAllocator - -Dio.netty.allocator.numDirectArenas: 15
06:51:06.814 [main] DEBUG io.netty.buffer.PooledByteBufAllocator - -Dio.netty.allocator.pageSize: 8192
06:51:06.814 [main] DEBUG io.netty.buffer.PooledByteBufAllocator - -Dio.netty.allocator.maxOrder: 11
06:51:06.814 [main] DEBUG io.netty.buffer.PooledByteBufAllocator - -Dio.netty.allocator.chunkSize: 16777216
06:51:06.814 [main] DEBUG io.netty.buffer.PooledByteBufAllocator - -Dio.netty.allocator.smallCacheSize: 256
06:51:06.814 [main] DEBUG io.netty.buffer.PooledByteBufAllocator - -Dio.netty.allocator.normalCacheSize: 64
06:51:06.814 [main] DEBUG io.netty.buffer.PooledByteBufAllocator - -Dio.netty.allocator.maxCachedBufferCapacity: 32768
06:51:06.815 [main] DEBUG io.netty.buffer.PooledByteBufAllocator - -Dio.netty.allocator.cacheTrimInterval: 8192
06:51:06.815 [main] DEBUG io.netty.buffer.PooledByteBufAllocator - -Dio.netty.allocator.cacheTrimIntervalMillis: 0
06:51:06.815 [main] DEBUG io.netty.buffer.PooledByteBufAllocator - -Dio.netty.allocator.useCacheForAllThreads: true
06:51:06.815 [main] DEBUG io.netty.buffer.PooledByteBufAllocator - -Dio.netty.allocator.maxCachedByteBuffersPerChunk: 1023
06:51:06.833 [main] DEBUG io.netty.buffer.ByteBufUtil - -Dio.netty.allocator.type: pooled
06:51:06.833 [main] DEBUG io.netty.buffer.ByteBufUtil - -Dio.netty.threadLocalDirectBufferSize: 0
06:51:06.833 [main] DEBUG io.netty.buffer.ByteBufUtil - -Dio.netty.maxThreadLocalCharBufferSize: 16384
06:51:07.383 [Forwarding newSession on session null to remote] DEBUG io.netty.channel.DefaultChannelId - -Dio.netty.processId: 9312 (auto-detected)
06:51:07.386 [Forwarding newSession on session null to remote] DEBUG io.netty.util.NetUtil - -Djava.net.preferIPv4Stack: false
06:51:07.386 [Forwarding newSession on session null to remote] DEBUG io.netty.util.NetUtil - -Djava.net.preferIPv6Addresses: false
06:51:07.396 [Forwarding newSession on session null to remote] DEBUG io.netty.util.NetUtilInitializations - Loopback interface: lo (Software Loopback Interface 1, 127.0.0.1)
06:51:07.398 [Forwarding newSession on session null to remote] DEBUG io.netty.util.NetUtil - Failed to get SOMAXCONN from sysctl and file \proc\sys\net\core\somaxconn. Default: 200
06:51:07.422 [Forwarding newSession on session null to remote] DEBUG io.netty.channel.DefaultChannelId - -Dio.netty.machineId: 68:54:5a:ff:fe:3b:02:68 (auto-detected)
06:51:07.497 [AsyncHttpClient-1-2] DEBUG io.netty.buffer.AbstractByteBuf - -Dio.netty.buffer.checkAccessible: true
06:51:07.497 [AsyncHttpClient-1-2] DEBUG io.netty.buffer.AbstractByteBuf - -Dio.netty.buffer.checkBounds: true
06:51:07.497 [AsyncHttpClient-1-2] DEBUG io.netty.util.ResourceLeakDetectorFactory - Loaded default ResourceLeakDetector: io.netty.util.ResourceLeakDetector@7fe2d841
06:51:07.539 [AsyncHttpClient-1-2] DEBUG io.netty.util.Recycler - -Dio.netty.recycler.maxCapacityPerThread: 4096
06:51:07.539 [AsyncHttpClient-1-2] DEBUG io.netty.util.Recycler - -Dio.netty.recycler.maxSharedCapacityFactor: 2
06:51:07.539 [AsyncHttpClient-1-2] DEBUG io.netty.util.Recycler - -Dio.netty.recycler.linkCapacity: 16
06:51:07.539 [AsyncHttpClient-1-2] DEBUG io.netty.util.Recycler - -Dio.netty.recycler.ratio: 8
06:51:07.540 [AsyncHttpClient-1-2] DEBUG io.netty.util.Recycler - -Dio.netty.recycler.delayedQueue.ratio: 8
06:51:08.705 [main] DEBUG io.netty.util.internal.ThreadLocalRandom - -Dio.netty.initialSeedUniquifier: 0xffec493416d962dd
06:51:08.764 [main] INFO  TestCases.TC_001_AccountRegistration - Launched Chrome Browser
06:51:08.793 [main] INFO  TestCases.TC_001_AccountRegistration -  Starting TC_001_AccountRegistration 
06:51:10.677 [main] INFO  TestCases.TC_001_AccountRegistration - Home Page Displayed 
06:51:11.038 [main] INFO  TestCases.TC_001_AccountRegistration - Clicked on My Account 
06:51:12.216 [main] INFO  TestCases.TC_001_AccountRegistration - Clicked on Register 
06:51:12.302 [main] INFO  TestCases.TC_001_AccountRegistration - Provided First Name 
06:51:12.379 [main] INFO  TestCases.TC_001_AccountRegistration - Provided Last Name 
06:51:12.464 [main] INFO  TestCases.TC_001_AccountRegistration - Provided Email 
06:51:12.544 [main] INFO  TestCases.TC_001_AccountRegistration - Provided Telephone 
06:51:12.619 [main] INFO  TestCases.TC_001_AccountRegistration - Provided Password 
06:51:12.692 [main] INFO  TestCases.TC_001_AccountRegistration - Provided Confrmed Password 
06:51:12.753 [main] INFO  TestCases.TC_001_AccountRegistration - Set Privacy Policy 
06:51:14.960 [main] INFO  TestCases.TC_001_AccountRegistration - Clicked on Continue 
06:51:14.994 [main] INFO  TestCases.TC_001_AccountRegistration - Account Registration Success 
06:51:14.996 [main] INFO  TestCases.TC_001_AccountRegistration -  Finished TC_001_AccountRegistration 
06:51:15.015 [AsyncHttpClient-1-4] TRACE io.netty.handler.codec.http.websocketx.WebSocket08FrameEncoder - Encoding WebSocket Frame opCode=8 length=26
17:19:53.372 [main] DEBUG io.netty.util.internal.logging.InternalLoggerFactory - Using Log4J2 as the default logging framework
17:19:53.384 [main] DEBUG io.netty.util.ResourceLeakDetector - -Dio.netty.leakDetection.level: simple
17:19:53.384 [main] DEBUG io.netty.util.ResourceLeakDetector - -Dio.netty.leakDetection.targetRecords: 4
17:19:53.391 [main] DEBUG io.netty.util.ResourceLeakDetectorFactory - Loaded default ResourceLeakDetector: io.netty.util.ResourceLeakDetector@4ee6291f
17:19:53.415 [main] DEBUG io.netty.util.internal.PlatformDependent - Platform: Windows
17:19:53.418 [main] DEBUG io.netty.util.internal.PlatformDependent0 - -Dio.netty.noUnsafe: false
17:19:53.418 [main] DEBUG io.netty.util.internal.PlatformDependent0 - Java version: 16
17:19:53.419 [main] DEBUG io.netty.util.internal.PlatformDependent0 - sun.misc.Unsafe.theUnsafe: available
17:19:53.420 [main] DEBUG io.netty.util.internal.PlatformDependent0 - sun.misc.Unsafe.copyMemory: available
17:19:53.421 [main] DEBUG io.netty.util.internal.PlatformDependent0 - java.nio.Buffer.address: available
17:19:53.422 [main] DEBUG io.netty.util.internal.PlatformDependent0 - direct buffer constructor: unavailable
java.lang.UnsupportedOperationException: Reflective setAccessible(true) disabled
	at io.netty.util.internal.ReflectionUtil.trySetAccessible(ReflectionUtil.java:31) ~[netty-common-4.1.63.Final.jar:4.1.63.Final]
	at io.netty.util.internal.PlatformDependent0$4.run(PlatformDependent0.java:239) ~[netty-common-4.1.63.Final.jar:4.1.63.Final]
	at java.security.AccessController.doPrivileged(AccessController.java:312) ~[?:?]
	at io.netty.util.internal.PlatformDependent0.<clinit>(PlatformDependent0.java:233) ~[netty-common-4.1.63.Final.jar:4.1.63.Final]
	at io.netty.util.internal.PlatformDependent.isAndroid(PlatformDependent.java:294) ~[netty-common-4.1.63.Final.jar:4.1.63.Final]
	at io.netty.util.internal.PlatformDependent.<clinit>(PlatformDependent.java:93) ~[netty-common-4.1.63.Final.jar:4.1.63.Final]
	at io.netty.util.HashedWheelTimer.<init>(HashedWheelTimer.java:109) ~[netty-common-4.1.63.Final.jar:4.1.63.Final]
	at io.netty.util.HashedWheelTimer.<init>(HashedWheelTimer.java:218) ~[netty-common-4.1.63.Final.jar:4.1.63.Final]
	at io.netty.util.HashedWheelTimer.<init>(HashedWheelTimer.java:197) ~[netty-common-4.1.63.Final.jar:4.1.63.Final]
	at org.asynchttpclient.DefaultAsyncHttpClient.newNettyTimer(DefaultAsyncHttpClient.java:111) ~[async-http-client-2.12.3.jar:?]
	at org.asynchttpclient.DefaultAsyncHttpClient.<init>(DefaultAsyncHttpClient.java:90) ~[async-http-client-2.12.3.jar:?]
	at org.asynchttpclient.Dsl.asyncHttpClient(Dsl.java:32) ~[async-http-client-2.12.3.jar:?]
	at org.openqa.selenium.remote.http.netty.NettyClient.createHttpClient(NettyClient.java:100) ~[selenium-remote-driver-4.0.0-beta-4.jar:?]
	at org.openqa.selenium.remote.http.netty.NettyClient.<clinit>(NettyClient.java:51) ~[selenium-remote-driver-4.0.0-beta-4.jar:?]
	at org.openqa.selenium.remote.http.netty.NettyClient$Factory.createClient(NettyClient.java:149) ~[selenium-remote-driver-4.0.0-beta-4.jar:?]
	at org.openqa.selenium.remote.HttpCommandExecutor.<init>(HttpCommandExecutor.java:107) ~[selenium-remote-driver-4.0.0-beta-4.jar:?]
	at org.openqa.selenium.remote.HttpCommandExecutor.<init>(HttpCommandExecutor.java:94) ~[selenium-remote-driver-4.0.0-beta-4.jar:?]
	at org.openqa.selenium.remote.HttpCommandExecutor.<init>(HttpCommandExecutor.java:85) ~[selenium-remote-driver-4.0.0-beta-4.jar:?]
	at org.openqa.selenium.remote.service.DriverCommandExecutor.<init>(DriverCommandExecutor.java:77) ~[selenium-remote-driver-4.0.0-beta-4.jar:?]
	at org.openqa.selenium.chromium.ChromiumDriverCommandExecutor.<init>(ChromiumDriverCommandExecutor.java:78) ~[selenium-chromium-driver-4.0.0-beta-4.jar:?]
	at org.openqa.selenium.chrome.ChromeDriver.<init>(ChromeDriver.java:99) ~[selenium-chrome-driver-4.0.0-beta-4.jar:?]
	at org.openqa.selenium.chrome.ChromeDriver.<init>(ChromeDriver.java:86) ~[selenium-chrome-driver-4.0.0-beta-4.jar:?]
	at org.openqa.selenium.chrome.ChromeDriver.<init>(ChromeDriver.java:41) ~[selenium-chrome-driver-4.0.0-beta-4.jar:?]
	at TestBase.BaseClass.setup(BaseClass.java:49) ~[test-classes/:?]
	at jdk.internal.reflect.NativeMethodAccessorImpl.invoke0(Native Method) ~[?:?]
	at jdk.internal.reflect.NativeMethodAccessorImpl.invoke(NativeMethodAccessorImpl.java:78) ~[?:?]
	at jdk.internal.reflect.DelegatingMethodAccessorImpl.invoke(DelegatingMethodAccessorImpl.java:43) ~[?:?]
	at java.lang.reflect.Method.invoke(Method.java:567) ~[?:?]
	at org.testng.internal.MethodInvocationHelper.invokeMethod(MethodInvocationHelper.java:132) ~[testng-7.3.0.jar:?]
	at org.testng.internal.MethodInvocationHelper.invokeMethodConsideringTimeout(MethodInvocationHelper.java:61) ~[testng-7.3.0.jar:?]
	at org.testng.internal.ConfigInvoker.invokeConfigurationMethod(ConfigInvoker.java:366) ~[testng-7.3.0.jar:?]
	at org.testng.internal.ConfigInvoker.invokeConfigurations(ConfigInvoker.java:320) ~[testng-7.3.0.jar:?]
	at org.testng.internal.TestMethodWorker.invokeBeforeClassMethods(TestMethodWorker.java:176) ~[testng-7.3.0.jar:?]
	at org.testng.internal.TestMethodWorker.run(TestMethodWorker.java:122) ~[testng-7.3.0.jar:?]
	at java.util.ArrayList.forEach(ArrayList.java:1511) [?:?]
	at org.testng.TestRunner.privateRun(TestRunner.java:764) [testng-7.3.0.jar:?]
	at org.testng.TestRunner.run(TestRunner.java:585) [testng-7.3.0.jar:?]
	at org.testng.SuiteRunner.runTest(SuiteRunner.java:384) [testng-7.3.0.jar:?]
	at org.testng.SuiteRunner.runSequentially(SuiteRunner.java:378) [testng-7.3.0.jar:?]
	at org.testng.SuiteRunner.privateRun(SuiteRunner.java:337) [testng-7.3.0.jar:?]
	at org.testng.SuiteRunner.run(SuiteRunner.java:286) [testng-7.3.0.jar:?]
	at org.testng.SuiteRunnerWorker.runSuite(SuiteRunnerWorker.java:53) [testng-7.3.0.jar:?]
	at org.testng.SuiteRunnerWorker.run(SuiteRunnerWorker.java:96) [testng-7.3.0.jar:?]
	at org.testng.TestNG.runSuitesSequentially(TestNG.java:1218) [testng-7.3.0.jar:?]
	at org.testng.TestNG.runSuitesLocally(TestNG.java:1140) [testng-7.3.0.jar:?]
	at org.testng.TestNG.runSuites(TestNG.java:1069) [testng-7.3.0.jar:?]
	at org.testng.TestNG.run(TestNG.java:1037) [testng-7.3.0.jar:?]
	at org.testng.remote.AbstractRemoteTestNG.run(AbstractRemoteTestNG.java:115) [testng-remote.jar:?]
	at org.testng.remote.RemoteTestNG.initAndRun(RemoteTestNG.java:251) [testng-remote.jar:?]
	at org.testng.remote.RemoteTestNG.main(RemoteTestNG.java:77) [testng-remote.jar:?]
17:19:53.430 [main] DEBUG io.netty.util.internal.PlatformDependent0 - java.nio.Bits.unaligned: available, true
17:19:53.432 [main] DEBUG io.netty.util.internal.PlatformDependent0 - jdk.internal.misc.Unsafe.allocateUninitializedArray(int): unavailable
java.lang.IllegalAccessException: class io.netty.util.internal.PlatformDependent0$6 cannot access class jdk.internal.misc.Unsafe (in module java.base) because module java.base does not export jdk.internal.misc to unnamed module @1a968a59
	at jdk.internal.reflect.Reflection.newIllegalAccessException(Reflection.java:385) ~[?:?]
	at java.lang.reflect.AccessibleObject.checkAccess(AccessibleObject.java:687) ~[?:?]
	at java.lang.reflect.Method.invoke(Method.java:559) ~[?:?]
	at io.netty.util.internal.PlatformDependent0$6.run(PlatformDependent0.java:353) ~[netty-common-4.1.63.Final.jar:4.1.63.Final]
	at java.security.AccessController.doPrivileged(AccessController.java:312) ~[?:?]
	at io.netty.util.internal.PlatformDependent0.<clinit>(PlatformDependent0.java:344) ~[netty-common-4.1.63.Final.jar:4.1.63.Final]
	at io.netty.util.internal.PlatformDependent.isAndroid(PlatformDependent.java:294) ~[netty-common-4.1.63.Final.jar:4.1.63.Final]
	at io.netty.util.internal.PlatformDependent.<clinit>(PlatformDependent.java:93) ~[netty-common-4.1.63.Final.jar:4.1.63.Final]
	at io.netty.util.HashedWheelTimer.<init>(HashedWheelTimer.java:109) ~[netty-common-4.1.63.Final.jar:4.1.63.Final]
	at io.netty.util.HashedWheelTimer.<init>(HashedWheelTimer.java:218) ~[netty-common-4.1.63.Final.jar:4.1.63.Final]
	at io.netty.util.HashedWheelTimer.<init>(HashedWheelTimer.java:197) ~[netty-common-4.1.63.Final.jar:4.1.63.Final]
	at org.asynchttpclient.DefaultAsyncHttpClient.newNettyTimer(DefaultAsyncHttpClient.java:111) ~[async-http-client-2.12.3.jar:?]
	at org.asynchttpclient.DefaultAsyncHttpClient.<init>(DefaultAsyncHttpClient.java:90) ~[async-http-client-2.12.3.jar:?]
	at org.asynchttpclient.Dsl.asyncHttpClient(Dsl.java:32) ~[async-http-client-2.12.3.jar:?]
	at org.openqa.selenium.remote.http.netty.NettyClient.createHttpClient(NettyClient.java:100) ~[selenium-remote-driver-4.0.0-beta-4.jar:?]
	at org.openqa.selenium.remote.http.netty.NettyClient.<clinit>(NettyClient.java:51) ~[selenium-remote-driver-4.0.0-beta-4.jar:?]
	at org.openqa.selenium.remote.http.netty.NettyClient$Factory.createClient(NettyClient.java:149) ~[selenium-remote-driver-4.0.0-beta-4.jar:?]
	at org.openqa.selenium.remote.HttpCommandExecutor.<init>(HttpCommandExecutor.java:107) ~[selenium-remote-driver-4.0.0-beta-4.jar:?]
	at org.openqa.selenium.remote.HttpCommandExecutor.<init>(HttpCommandExecutor.java:94) ~[selenium-remote-driver-4.0.0-beta-4.jar:?]
	at org.openqa.selenium.remote.HttpCommandExecutor.<init>(HttpCommandExecutor.java:85) ~[selenium-remote-driver-4.0.0-beta-4.jar:?]
	at org.openqa.selenium.remote.service.DriverCommandExecutor.<init>(DriverCommandExecutor.java:77) ~[selenium-remote-driver-4.0.0-beta-4.jar:?]
	at org.openqa.selenium.chromium.ChromiumDriverCommandExecutor.<init>(ChromiumDriverCommandExecutor.java:78) ~[selenium-chromium-driver-4.0.0-beta-4.jar:?]
	at org.openqa.selenium.chrome.ChromeDriver.<init>(ChromeDriver.java:99) ~[selenium-chrome-driver-4.0.0-beta-4.jar:?]
	at org.openqa.selenium.chrome.ChromeDriver.<init>(ChromeDriver.java:86) ~[selenium-chrome-driver-4.0.0-beta-4.jar:?]
	at org.openqa.selenium.chrome.ChromeDriver.<init>(ChromeDriver.java:41) ~[selenium-chrome-driver-4.0.0-beta-4.jar:?]
	at TestBase.BaseClass.setup(BaseClass.java:49) ~[test-classes/:?]
	at jdk.internal.reflect.NativeMethodAccessorImpl.invoke0(Native Method) ~[?:?]
	at jdk.internal.reflect.NativeMethodAccessorImpl.invoke(NativeMethodAccessorImpl.java:78) ~[?:?]
	at jdk.internal.reflect.DelegatingMethodAccessorImpl.invoke(DelegatingMethodAccessorImpl.java:43) ~[?:?]
	at java.lang.reflect.Method.invoke(Method.java:567) ~[?:?]
	at org.testng.internal.MethodInvocationHelper.invokeMethod(MethodInvocationHelper.java:132) ~[testng-7.3.0.jar:?]
	at org.testng.internal.MethodInvocationHelper.invokeMethodConsideringTimeout(MethodInvocationHelper.java:61) ~[testng-7.3.0.jar:?]
	at org.testng.internal.ConfigInvoker.invokeConfigurationMethod(ConfigInvoker.java:366) ~[testng-7.3.0.jar:?]
	at org.testng.internal.ConfigInvoker.invokeConfigurations(ConfigInvoker.java:320) ~[testng-7.3.0.jar:?]
	at org.testng.internal.TestMethodWorker.invokeBeforeClassMethods(TestMethodWorker.java:176) ~[testng-7.3.0.jar:?]
	at org.testng.internal.TestMethodWorker.run(TestMethodWorker.java:122) ~[testng-7.3.0.jar:?]
	at java.util.ArrayList.forEach(ArrayList.java:1511) [?:?]
	at org.testng.TestRunner.privateRun(TestRunner.java:764) [testng-7.3.0.jar:?]
	at org.testng.TestRunner.run(TestRunner.java:585) [testng-7.3.0.jar:?]
	at org.testng.SuiteRunner.runTest(SuiteRunner.java:384) [testng-7.3.0.jar:?]
	at org.testng.SuiteRunner.runSequentially(SuiteRunner.java:378) [testng-7.3.0.jar:?]
	at org.testng.SuiteRunner.privateRun(SuiteRunner.java:337) [testng-7.3.0.jar:?]
	at org.testng.SuiteRunner.run(SuiteRunner.java:286) [testng-7.3.0.jar:?]
	at org.testng.SuiteRunnerWorker.runSuite(SuiteRunnerWorker.java:53) [testng-7.3.0.jar:?]
	at org.testng.SuiteRunnerWorker.run(SuiteRunnerWorker.java:96) [testng-7.3.0.jar:?]
	at org.testng.TestNG.runSuitesSequentially(TestNG.java:1218) [testng-7.3.0.jar:?]
	at org.testng.TestNG.runSuitesLocally(TestNG.java:1140) [testng-7.3.0.jar:?]
	at org.testng.TestNG.runSuites(TestNG.java:1069) [testng-7.3.0.jar:?]
	at org.testng.TestNG.run(TestNG.java:1037) [testng-7.3.0.jar:?]
	at org.testng.remote.AbstractRemoteTestNG.run(AbstractRemoteTestNG.java:115) [testng-remote.jar:?]
	at org.testng.remote.RemoteTestNG.initAndRun(RemoteTestNG.java:251) [testng-remote.jar:?]
	at org.testng.remote.RemoteTestNG.main(RemoteTestNG.java:77) [testng-remote.jar:?]
17:19:53.456 [main] DEBUG io.netty.util.internal.PlatformDependent0 - java.nio.DirectByteBuffer.<init>(long, int): unavailable
17:19:53.456 [main] DEBUG io.netty.util.internal.PlatformDependent - sun.misc.Unsafe: available
17:19:53.457 [main] DEBUG io.netty.util.internal.PlatformDependent - maxDirectMemory: 1598029824 bytes (maybe)
17:19:53.457 [main] DEBUG io.netty.util.internal.PlatformDependent - -Dio.netty.tmpdir: C:\Users\Asus\AppData\Local\Temp (java.io.tmpdir)
17:19:53.458 [main] DEBUG io.netty.util.internal.PlatformDependent - -Dio.netty.bitMode: 64 (sun.arch.data.model)
17:19:53.459 [main] DEBUG io.netty.util.internal.PlatformDependent - -Dio.netty.maxDirectMemory: -1 bytes
17:19:53.459 [main] DEBUG io.netty.util.internal.PlatformDependent - -Dio.netty.uninitializedArrayAllocationThreshold: -1
17:19:53.461 [main] DEBUG io.netty.util.internal.CleanerJava9 - java.nio.ByteBuffer.cleaner(): available
17:19:53.462 [main] DEBUG io.netty.util.internal.PlatformDependent - -Dio.netty.noPreferDirect: false
17:19:53.474 [main] DEBUG io.netty.util.internal.PlatformDependent - org.jctools-core.MpscChunkedArrayQueue: available
17:19:53.529 [main] DEBUG io.netty.util.internal.InternalThreadLocalMap - -Dio.netty.threadLocalMap.stringBuilder.initialSize: 1024
17:19:53.529 [main] DEBUG io.netty.util.internal.InternalThreadLocalMap - -Dio.netty.threadLocalMap.stringBuilder.maxSize: 4096
17:19:53.593 [main] DEBUG io.netty.handler.ssl.JdkSslContext - Default protocols (JDK): [TLSv1.3, TLSv1.2] 
17:19:53.593 [main] DEBUG io.netty.handler.ssl.JdkSslContext - Default cipher suites (JDK): [TLS_ECDHE_ECDSA_WITH_AES_256_GCM_SHA384, TLS_ECDHE_ECDSA_WITH_AES_128_GCM_SHA256, TLS_ECDHE_RSA_WITH_AES_128_GCM_SHA256, TLS_ECDHE_RSA_WITH_AES_256_GCM_SHA384, TLS_ECDHE_RSA_WITH_AES_128_CBC_SHA, TLS_ECDHE_RSA_WITH_AES_256_CBC_SHA, TLS_RSA_WITH_AES_128_GCM_SHA256, TLS_RSA_WITH_AES_128_CBC_SHA, TLS_RSA_WITH_AES_256_CBC_SHA, TLS_AES_128_GCM_SHA256, TLS_AES_256_GCM_SHA384]
17:19:53.640 [main] DEBUG io.netty.channel.MultithreadEventLoopGroup - -Dio.netty.eventLoopThreads: 16
17:19:53.665 [main] DEBUG io.netty.channel.nio.NioEventLoop - -Dio.netty.noKeySetOptimization: false
17:19:53.666 [main] DEBUG io.netty.channel.nio.NioEventLoop - -Dio.netty.selectorAutoRebuildThreshold: 512
17:19:53.716 [main] TRACE io.netty.channel.nio.NioEventLoop - instrumented a special java.util.Set into: sun.nio.ch.WindowsSelectorImpl@58740366
17:19:53.719 [main] TRACE io.netty.channel.nio.NioEventLoop - instrumented a special java.util.Set into: sun.nio.ch.WindowsSelectorImpl@4b74b35
17:19:53.722 [main] TRACE io.netty.channel.nio.NioEventLoop - instrumented a special java.util.Set into: sun.nio.ch.WindowsSelectorImpl@e4e1ef5
17:19:53.724 [main] TRACE io.netty.channel.nio.NioEventLoop - instrumented a special java.util.Set into: sun.nio.ch.WindowsSelectorImpl@6d11ceef
17:19:53.726 [main] TRACE io.netty.channel.nio.NioEventLoop - instrumented a special java.util.Set into: sun.nio.ch.WindowsSelectorImpl@4cb2918c
17:19:53.728 [main] TRACE io.netty.channel.nio.NioEventLoop - instrumented a special java.util.Set into: sun.nio.ch.WindowsSelectorImpl@72e295cc
17:19:53.730 [main] TRACE io.netty.channel.nio.NioEventLoop - instrumented a special java.util.Set into: sun.nio.ch.WindowsSelectorImpl@c2584d3
17:19:53.732 [main] TRACE io.netty.channel.nio.NioEventLoop - instrumented a special java.util.Set into: sun.nio.ch.WindowsSelectorImpl@6fa0450e
17:19:53.734 [main] TRACE io.netty.channel.nio.NioEventLoop - instrumented a special java.util.Set into: sun.nio.ch.WindowsSelectorImpl@37468787
17:19:53.736 [main] TRACE io.netty.channel.nio.NioEventLoop - instrumented a special java.util.Set into: sun.nio.ch.WindowsSelectorImpl@51ec2856
17:19:53.738 [main] TRACE io.netty.channel.nio.NioEventLoop - instrumented a special java.util.Set into: sun.nio.ch.WindowsSelectorImpl@714f3da4
17:19:53.740 [main] TRACE io.netty.channel.nio.NioEventLoop - instrumented a special java.util.Set into: sun.nio.ch.WindowsSelectorImpl@1caa9eb6
17:19:53.742 [main] TRACE io.netty.channel.nio.NioEventLoop - instrumented a special java.util.Set into: sun.nio.ch.WindowsSelectorImpl@1f53481b
17:19:53.744 [main] TRACE io.netty.channel.nio.NioEventLoop - instrumented a special java.util.Set into: sun.nio.ch.WindowsSelectorImpl@2fcd7d3f
17:19:53.746 [main] TRACE io.netty.channel.nio.NioEventLoop - instrumented a special java.util.Set into: sun.nio.ch.WindowsSelectorImpl@27e7c77f
17:19:53.748 [main] TRACE io.netty.channel.nio.NioEventLoop - instrumented a special java.util.Set into: sun.nio.ch.WindowsSelectorImpl@6f70a21b
17:19:53.829 [main] DEBUG io.netty.buffer.PooledByteBufAllocator - -Dio.netty.allocator.numHeapArenas: 15
17:19:53.830 [main] DEBUG io.netty.buffer.PooledByteBufAllocator - -Dio.netty.allocator.numDirectArenas: 15
17:19:53.830 [main] DEBUG io.netty.buffer.PooledByteBufAllocator - -Dio.netty.allocator.pageSize: 8192
17:19:53.830 [main] DEBUG io.netty.buffer.PooledByteBufAllocator - -Dio.netty.allocator.maxOrder: 11
17:19:53.830 [main] DEBUG io.netty.buffer.PooledByteBufAllocator - -Dio.netty.allocator.chunkSize: 16777216
17:19:53.830 [main] DEBUG io.netty.buffer.PooledByteBufAllocator - -Dio.netty.allocator.smallCacheSize: 256
17:19:53.830 [main] DEBUG io.netty.buffer.PooledByteBufAllocator - -Dio.netty.allocator.normalCacheSize: 64
17:19:53.830 [main] DEBUG io.netty.buffer.PooledByteBufAllocator - -Dio.netty.allocator.maxCachedBufferCapacity: 32768
17:19:53.830 [main] DEBUG io.netty.buffer.PooledByteBufAllocator - -Dio.netty.allocator.cacheTrimInterval: 8192
17:19:53.830 [main] DEBUG io.netty.buffer.PooledByteBufAllocator - -Dio.netty.allocator.cacheTrimIntervalMillis: 0
17:19:53.830 [main] DEBUG io.netty.buffer.PooledByteBufAllocator - -Dio.netty.allocator.useCacheForAllThreads: true
17:19:53.830 [main] DEBUG io.netty.buffer.PooledByteBufAllocator - -Dio.netty.allocator.maxCachedByteBuffersPerChunk: 1023
17:19:53.843 [main] DEBUG io.netty.buffer.ByteBufUtil - -Dio.netty.allocator.type: pooled
17:19:53.844 [main] DEBUG io.netty.buffer.ByteBufUtil - -Dio.netty.threadLocalDirectBufferSize: 0
17:19:53.844 [main] DEBUG io.netty.buffer.ByteBufUtil - -Dio.netty.maxThreadLocalCharBufferSize: 16384
17:19:55.290 [Forwarding newSession on session null to remote] DEBUG io.netty.channel.DefaultChannelId - -Dio.netty.processId: 1364 (auto-detected)
17:19:55.307 [Forwarding newSession on session null to remote] DEBUG io.netty.util.NetUtil - -Djava.net.preferIPv4Stack: false
17:19:55.307 [Forwarding newSession on session null to remote] DEBUG io.netty.util.NetUtil - -Djava.net.preferIPv6Addresses: false
17:19:55.316 [Forwarding newSession on session null to remote] DEBUG io.netty.util.NetUtilInitializations - Loopback interface: lo (Software Loopback Interface 1, 127.0.0.1)
17:19:55.318 [Forwarding newSession on session null to remote] DEBUG io.netty.util.NetUtil - Failed to get SOMAXCONN from sysctl and file \proc\sys\net\core\somaxconn. Default: 200
17:19:55.337 [Forwarding newSession on session null to remote] DEBUG io.netty.channel.DefaultChannelId - -Dio.netty.machineId: 68:54:5a:ff:fe:3b:02:68 (auto-detected)
17:19:55.425 [AsyncHttpClient-1-2] DEBUG io.netty.buffer.AbstractByteBuf - -Dio.netty.buffer.checkAccessible: true
17:19:55.426 [AsyncHttpClient-1-2] DEBUG io.netty.buffer.AbstractByteBuf - -Dio.netty.buffer.checkBounds: true
17:19:55.426 [AsyncHttpClient-1-2] DEBUG io.netty.util.ResourceLeakDetectorFactory - Loaded default ResourceLeakDetector: io.netty.util.ResourceLeakDetector@1867bf2e
17:19:55.479 [AsyncHttpClient-1-2] DEBUG io.netty.util.Recycler - -Dio.netty.recycler.maxCapacityPerThread: 4096
17:19:55.479 [AsyncHttpClient-1-2] DEBUG io.netty.util.Recycler - -Dio.netty.recycler.maxSharedCapacityFactor: 2
17:19:55.480 [AsyncHttpClient-1-2] DEBUG io.netty.util.Recycler - -Dio.netty.recycler.linkCapacity: 16
17:19:55.480 [AsyncHttpClient-1-2] DEBUG io.netty.util.Recycler - -Dio.netty.recycler.ratio: 8
17:19:55.480 [AsyncHttpClient-1-2] DEBUG io.netty.util.Recycler - -Dio.netty.recycler.delayedQueue.ratio: 8
17:19:58.666 [main] DEBUG io.netty.util.internal.ThreadLocalRandom - -Dio.netty.initialSeedUniquifier: 0x25389f42c4792c3d
17:19:58.796 [main] INFO  TestCases.TC_001_AccountRegistration - Launched Chrome Browser
17:19:58.831 [main] INFO  TestCases.TC_001_AccountRegistration -  Starting TC_001_AccountRegistration 
17:20:00.514 [main] INFO  TestCases.TC_001_AccountRegistration - Home Page Displayed 
17:20:00.929 [main] INFO  TestCases.TC_001_AccountRegistration - Clicked on My Account 
17:20:02.358 [main] INFO  TestCases.TC_001_AccountRegistration - Clicked on Register 
17:20:02.461 [main] INFO  TestCases.TC_001_AccountRegistration - Provided First Name 
17:20:02.533 [main] INFO  TestCases.TC_001_AccountRegistration - Provided Last Name 
17:20:02.621 [main] INFO  TestCases.TC_001_AccountRegistration - Provided Email 
17:20:02.697 [main] INFO  TestCases.TC_001_AccountRegistration - Provided Telephone 
17:20:02.771 [main] INFO  TestCases.TC_001_AccountRegistration - Provided Password 
17:20:02.840 [main] INFO  TestCases.TC_001_AccountRegistration - Provided Confrmed Password 
17:20:02.897 [main] INFO  TestCases.TC_001_AccountRegistration - Set Privacy Policy 
17:20:05.062 [main] INFO  TestCases.TC_001_AccountRegistration - Clicked on Continue 
17:20:05.098 [main] INFO  TestCases.TC_001_AccountRegistration - Account Registration Success 
17:20:05.101 [main] INFO  TestCases.TC_001_AccountRegistration -  Finished TC_001_AccountRegistration 
17:20:05.180 [AsyncHttpClient-1-4] TRACE io.netty.handler.codec.http.websocketx.WebSocket08FrameEncoder - Encoding WebSocket Frame opCode=8 length=26
17:21:36.793 [main] DEBUG io.netty.util.internal.logging.InternalLoggerFactory - Using Log4J2 as the default logging framework
17:21:36.805 [main] DEBUG io.netty.util.ResourceLeakDetector - -Dio.netty.leakDetection.level: simple
17:21:36.805 [main] DEBUG io.netty.util.ResourceLeakDetector - -Dio.netty.leakDetection.targetRecords: 4
17:21:36.810 [main] DEBUG io.netty.util.ResourceLeakDetectorFactory - Loaded default ResourceLeakDetector: io.netty.util.ResourceLeakDetector@45f421c
17:21:36.829 [main] DEBUG io.netty.util.internal.PlatformDependent - Platform: Windows
17:21:36.832 [main] DEBUG io.netty.util.internal.PlatformDependent0 - -Dio.netty.noUnsafe: false
17:21:36.832 [main] DEBUG io.netty.util.internal.PlatformDependent0 - Java version: 16
17:21:36.834 [main] DEBUG io.netty.util.internal.PlatformDependent0 - sun.misc.Unsafe.theUnsafe: available
17:21:36.835 [main] DEBUG io.netty.util.internal.PlatformDependent0 - sun.misc.Unsafe.copyMemory: available
17:21:36.836 [main] DEBUG io.netty.util.internal.PlatformDependent0 - java.nio.Buffer.address: available
17:21:36.837 [main] DEBUG io.netty.util.internal.PlatformDependent0 - direct buffer constructor: unavailable
java.lang.UnsupportedOperationException: Reflective setAccessible(true) disabled
	at io.netty.util.internal.ReflectionUtil.trySetAccessible(ReflectionUtil.java:31) ~[netty-common-4.1.63.Final.jar:4.1.63.Final]
	at io.netty.util.internal.PlatformDependent0$4.run(PlatformDependent0.java:239) ~[netty-common-4.1.63.Final.jar:4.1.63.Final]
	at java.security.AccessController.doPrivileged(AccessController.java:312) ~[?:?]
	at io.netty.util.internal.PlatformDependent0.<clinit>(PlatformDependent0.java:233) ~[netty-common-4.1.63.Final.jar:4.1.63.Final]
	at io.netty.util.internal.PlatformDependent.isAndroid(PlatformDependent.java:294) ~[netty-common-4.1.63.Final.jar:4.1.63.Final]
	at io.netty.util.internal.PlatformDependent.<clinit>(PlatformDependent.java:93) ~[netty-common-4.1.63.Final.jar:4.1.63.Final]
	at io.netty.util.HashedWheelTimer.<init>(HashedWheelTimer.java:109) ~[netty-common-4.1.63.Final.jar:4.1.63.Final]
	at io.netty.util.HashedWheelTimer.<init>(HashedWheelTimer.java:218) ~[netty-common-4.1.63.Final.jar:4.1.63.Final]
	at io.netty.util.HashedWheelTimer.<init>(HashedWheelTimer.java:197) ~[netty-common-4.1.63.Final.jar:4.1.63.Final]
	at org.asynchttpclient.DefaultAsyncHttpClient.newNettyTimer(DefaultAsyncHttpClient.java:111) ~[async-http-client-2.12.3.jar:?]
	at org.asynchttpclient.DefaultAsyncHttpClient.<init>(DefaultAsyncHttpClient.java:90) ~[async-http-client-2.12.3.jar:?]
	at org.asynchttpclient.Dsl.asyncHttpClient(Dsl.java:32) ~[async-http-client-2.12.3.jar:?]
	at org.openqa.selenium.remote.http.netty.NettyClient.createHttpClient(NettyClient.java:100) ~[selenium-remote-driver-4.0.0-beta-4.jar:?]
	at org.openqa.selenium.remote.http.netty.NettyClient.<clinit>(NettyClient.java:51) ~[selenium-remote-driver-4.0.0-beta-4.jar:?]
	at org.openqa.selenium.remote.http.netty.NettyClient$Factory.createClient(NettyClient.java:149) ~[selenium-remote-driver-4.0.0-beta-4.jar:?]
	at org.openqa.selenium.remote.HttpCommandExecutor.<init>(HttpCommandExecutor.java:107) ~[selenium-remote-driver-4.0.0-beta-4.jar:?]
	at org.openqa.selenium.remote.HttpCommandExecutor.<init>(HttpCommandExecutor.java:94) ~[selenium-remote-driver-4.0.0-beta-4.jar:?]
	at org.openqa.selenium.remote.HttpCommandExecutor.<init>(HttpCommandExecutor.java:85) ~[selenium-remote-driver-4.0.0-beta-4.jar:?]
	at org.openqa.selenium.remote.service.DriverCommandExecutor.<init>(DriverCommandExecutor.java:77) ~[selenium-remote-driver-4.0.0-beta-4.jar:?]
	at org.openqa.selenium.chromium.ChromiumDriverCommandExecutor.<init>(ChromiumDriverCommandExecutor.java:78) ~[selenium-chromium-driver-4.0.0-beta-4.jar:?]
	at org.openqa.selenium.chrome.ChromeDriver.<init>(ChromeDriver.java:99) ~[selenium-chrome-driver-4.0.0-beta-4.jar:?]
	at org.openqa.selenium.chrome.ChromeDriver.<init>(ChromeDriver.java:86) ~[selenium-chrome-driver-4.0.0-beta-4.jar:?]
	at org.openqa.selenium.chrome.ChromeDriver.<init>(ChromeDriver.java:41) ~[selenium-chrome-driver-4.0.0-beta-4.jar:?]
	at TestBase.BaseClass.setup(BaseClass.java:49) ~[test-classes/:?]
	at jdk.internal.reflect.NativeMethodAccessorImpl.invoke0(Native Method) ~[?:?]
	at jdk.internal.reflect.NativeMethodAccessorImpl.invoke(NativeMethodAccessorImpl.java:78) ~[?:?]
	at jdk.internal.reflect.DelegatingMethodAccessorImpl.invoke(DelegatingMethodAccessorImpl.java:43) ~[?:?]
	at java.lang.reflect.Method.invoke(Method.java:567) ~[?:?]
	at org.testng.internal.MethodInvocationHelper.invokeMethod(MethodInvocationHelper.java:132) ~[testng-7.3.0.jar:?]
	at org.testng.internal.MethodInvocationHelper.invokeMethodConsideringTimeout(MethodInvocationHelper.java:61) ~[testng-7.3.0.jar:?]
	at org.testng.internal.ConfigInvoker.invokeConfigurationMethod(ConfigInvoker.java:366) ~[testng-7.3.0.jar:?]
	at org.testng.internal.ConfigInvoker.invokeConfigurations(ConfigInvoker.java:320) ~[testng-7.3.0.jar:?]
	at org.testng.internal.TestMethodWorker.invokeBeforeClassMethods(TestMethodWorker.java:176) ~[testng-7.3.0.jar:?]
	at org.testng.internal.TestMethodWorker.run(TestMethodWorker.java:122) ~[testng-7.3.0.jar:?]
	at java.util.ArrayList.forEach(ArrayList.java:1511) [?:?]
	at org.testng.TestRunner.privateRun(TestRunner.java:764) [testng-7.3.0.jar:?]
	at org.testng.TestRunner.run(TestRunner.java:585) [testng-7.3.0.jar:?]
	at org.testng.SuiteRunner.runTest(SuiteRunner.java:384) [testng-7.3.0.jar:?]
	at org.testng.SuiteRunner.runSequentially(SuiteRunner.java:378) [testng-7.3.0.jar:?]
	at org.testng.SuiteRunner.privateRun(SuiteRunner.java:337) [testng-7.3.0.jar:?]
	at org.testng.SuiteRunner.run(SuiteRunner.java:286) [testng-7.3.0.jar:?]
	at org.testng.SuiteRunnerWorker.runSuite(SuiteRunnerWorker.java:53) [testng-7.3.0.jar:?]
	at org.testng.SuiteRunnerWorker.run(SuiteRunnerWorker.java:96) [testng-7.3.0.jar:?]
	at org.testng.TestNG.runSuitesSequentially(TestNG.java:1218) [testng-7.3.0.jar:?]
	at org.testng.TestNG.runSuitesLocally(TestNG.java:1140) [testng-7.3.0.jar:?]
	at org.testng.TestNG.runSuites(TestNG.java:1069) [testng-7.3.0.jar:?]
	at org.testng.TestNG.run(TestNG.java:1037) [testng-7.3.0.jar:?]
	at org.testng.remote.AbstractRemoteTestNG.run(AbstractRemoteTestNG.java:115) [testng-remote.jar:?]
	at org.testng.remote.RemoteTestNG.initAndRun(RemoteTestNG.java:251) [testng-remote.jar:?]
	at org.testng.remote.RemoteTestNG.main(RemoteTestNG.java:77) [testng-remote.jar:?]
